
[25/Feb/2019 06:45:34]"POST /user/register HTTP/1.1" 500 67648
Performing system checks...

System check identified no issues (0 silenced).
February 25, 2019 - 06:44:50
Django version 1.8.2, using settings 'dailyfresh.settings'
Starting development server at http://0.0.0.0:9999/
Quit the server with CONTROL-C.
[25/Feb/2019 06:54:28]"POST /user/register HTTP/1.1" 500 67648
[25/Feb/2019 06:54:31]"POST /user/register HTTP/1.1" 500 67648
[25/Feb/2019 06:54:35]"POST /user/register HTTP/1.1" 500 67648
[25/Feb/2019 06:54:37]"POST /user/register HTTP/1.1" 500 67648
[25/Feb/2019 06:54:41]"POST /user/register HTTP/1.1" 500 67650
[25/Feb/2019 06:54:43]"POST /user/register HTTP/1.1" 500 67650
Performing system checks...

System check identified no issues (0 silenced).
February 25, 2019 - 06:54:18
Django version 1.8.2, using settings 'dailyfresh.settings'
Starting development server at http://0.0.0.0:9999/
Quit the server with CONTROL-C.
[25/Feb/2019 06:55:39]"GET /user/register HTTP/1.1" 200 2649
[25/Feb/2019 06:55:41]"GET /user/register HTTP/1.1" 200 2649
[25/Feb/2019 06:55:42]"GET /user/register HTTP/1.1" 200 2649
[25/Feb/2019 06:55:42]"GET /user/register HTTP/1.1" 200 2649
[25/Feb/2019 06:55:42]"GET /user/register HTTP/1.1" 200 2649
[25/Feb/2019 06:55:42]"GET /user/register HTTP/1.1" 200 2649
[25/Feb/2019 06:56:05]"POST /user/register HTTP/1.1" 500 67908
Performing system checks...

System check identified no issues (0 silenced).
February 25, 2019 - 06:55:13
Django version 1.8.2, using settings 'dailyfresh.settings'
Starting development server at http://0.0.0.0:9999/
Quit the server with CONTROL-C.
[25/Feb/2019 06:57:52]"POST /user/register HTTP/1.1" 500 67899
Performing system checks...

System check identified no issues (0 silenced).
February 25, 2019 - 06:57:37
Django version 1.8.2, using settings 'dailyfresh.settings'
Starting development server at http://0.0.0.0:9999/
Quit the server with CONTROL-C.
[25/Feb/2019 07:33:08]"POST /user/register HTTP/1.1" 302 0
[25/Feb/2019 07:33:08]"GET / HTTP/1.1" 200 10899
[25/Feb/2019 07:33:08]"GET /static/js/jquery-ui.min.js HTTP/1.1" 200 70994
[25/Feb/2019 07:33:08]"GET /static/images/slide.jpg HTTP/1.1" 200 43271
[25/Feb/2019 07:33:08]"GET /static/js/slide.js HTTP/1.1" 200 2473
[25/Feb/2019 07:33:08]"GET /static/images/logo.png HTTP/1.1" 200 9987
[25/Feb/2019 07:33:08]"GET /js/slideshow.js HTTP/1.1" 404 2545
[25/Feb/2019 07:33:08]"GET /static/images/slide04.jpg HTTP/1.1" 200 62570
[25/Feb/2019 07:33:08]"GET /static/images/banner01.jpg HTTP/1.1" 200 9919
[25/Feb/2019 07:33:08]"GET /static/images/adv02.jpg HTTP/1.1" 200 15859
[25/Feb/2019 07:33:08]"GET /static/images/adv01.jpg HTTP/1.1" 200 13988
[25/Feb/2019 07:33:08]"GET /static/images/slide02.jpg HTTP/1.1" 200 46855
[25/Feb/2019 07:33:08]"GET /static/images/slide03.jpg HTTP/1.1" 200 70593
[25/Feb/2019 07:33:08]"GET /images/banner02.jpg HTTP/1.1" 404 2557
[25/Feb/2019 07:33:08]"GET /static/images/goods/goods003.jpg HTTP/1.1" 200 9612
[25/Feb/2019 07:33:08]"GET /images/goods/goods002.jpg HTTP/1.1" 404 2575
[25/Feb/2019 07:33:08]"GET /images/goods/goods012.jpg HTTP/1.1" 404 2575
[25/Feb/2019 07:33:08]"GET /images/goods/goods001.jpg HTTP/1.1" 404 2575
[25/Feb/2019 07:33:08]"GET /images/goods/goods018.jpg HTTP/1.1" 404 2575
[25/Feb/2019 07:33:08]"GET /images/goods/goods019.jpg HTTP/1.1" 404 2575
[25/Feb/2019 07:33:08]"GET /images/goods/goods020.jpg HTTP/1.1" 404 2575
[25/Feb/2019 07:33:08]"GET /images/goods/goods021.jpg HTTP/1.1" 404 2575
[25/Feb/2019 07:33:08]"GET /images/banner03.jpg HTTP/1.1" 404 2557
[25/Feb/2019 07:33:08]"GET /static/images/icons.png HTTP/1.1" 200 5931
[25/Feb/2019 07:33:08]"GET /images/goods.jpg HTTP/1.1" 404 2548
[25/Feb/2019 07:33:08]"GET /images/banner04.jpg HTTP/1.1" 404 2557
[25/Feb/2019 07:33:08]"GET /images/banner05.jpg HTTP/1.1" 404 2557
[25/Feb/2019 07:33:08]"GET /images/banner06.jpg HTTP/1.1" 404 2557
[25/Feb/2019 07:33:10]"GET /user/register HTTP/1.1" 200 2649
Performing system checks...

System check identified no issues (0 silenced).
February 25, 2019 - 07:12:05
Django version 1.8.2, using settings 'dailyfresh.settings'
Starting development server at http://0.0.0.0:9999/
Quit the server with CONTROL-C.
